<?xml version="1.0" encoding="UTF-8"?>
<testsuite xmlns:xsi="http://www.w3.org/2001/XMLSchema-instance" xsi:noNamespaceSchemaLocation="https://maven.apache.org/surefire/maven-surefire-plugin/xsd/surefire-test-report-3.0.xsd" version="3.0" name="com.exequt.ExeQutApplicationTests" time="9.032" tests="1" errors="0" skipped="0" failures="0">
  <properties>
[...]
</properties>
  <testcase name="contextLoads" classname="com.exequt.ExeQutApplicationTests" time="1.495">
    <system-out><![CDATA[01:35:32.437 [main] INFO org.springframework.test.context.support.AnnotationConfigContextLoaderUtils -- Could not detect default configuration classes for test class [com.exequt.ExeQutApplicationTests]: ExeQutApplicationTests does not declare any static, non-private, non-final, nested classes annotated with @Configuration.
01:35:32.593 [main] INFO org.springframework.boot.test.context.SpringBootTestContextBootstrapper -- Found @SpringBootConfiguration com.exequt.ExeQutApplication for test class com.exequt.ExeQutApplicationTests

  .   ____          _            __ _ _
 /\\ / ___'_ __ _ _(_)_ __  __ _ \ \ \ \
( ( )\___ | '_ | '_| | '_ \/ _` | \ \ \ \
 \\/  ___)| |_)| | | | | || (_| |  ) ) ) )
  '  |____| .__|_| |_|_| |_\__, | / / / /
 =========|_|==============|___/=/_/_/_/
 :: Spring Boot ::               (v3.2.12)

2026-05-11T01:35:33.184+03:00  INFO 2024 --- [exequt-cart-checkout] [           main] com.exequt.ExeQutApplicationTests        : Starting ExeQutApplicationTests using Java 17.0.12 with PID 2024 (started by A.Shlool in F:\Git\exequt-cart-checkout-system)
2026-05-11T01:35:33.187+03:00 DEBUG 2024 --- [exequt-cart-checkout] [           main] com.exequt.ExeQutApplicationTests        : Running with Spring Boot v3.2.12, Spring v6.1.15
2026-05-11T01:35:33.187+03:00  INFO 2024 --- [exequt-cart-checkout] [           main] com.exequt.ExeQutApplicationTests        : No active profile set, falling back to 1 default profile: "default"
2026-05-11T01:35:34.289+03:00  INFO 2024 --- [exequt-cart-checkout] [           main] .s.d.r.c.RepositoryConfigurationDelegate : Bootstrapping Spring Data JPA repositories in DEFAULT mode.
2026-05-11T01:35:34.358+03:00  INFO 2024 --- [exequt-cart-checkout] [           main] .s.d.r.c.RepositoryConfigurationDelegate : Finished Spring Data repository scanning in 70 ms. Found 2 JPA repository interfaces.
2026-05-11T01:35:34.873+03:00  INFO 2024 --- [exequt-cart-checkout] [           main] com.zaxxer.hikari.HikariDataSource       : HikariPool-1 - Starting...
2026-05-11T01:35:35.120+03:00  INFO 2024 --- [exequt-cart-checkout] [           main] com.zaxxer.hikari.pool.HikariPool        : HikariPool-1 - Added connection conn0: url=jdbc:h2:mem:exequt user=SA
2026-05-11T01:35:35.120+03:00  INFO 2024 --- [exequt-cart-checkout] [           main] com.zaxxer.hikari.HikariDataSource       : HikariPool-1 - Start completed.
2026-05-11T01:35:35.400+03:00  INFO 2024 --- [exequt-cart-checkout] [           main] o.hibernate.jpa.internal.util.LogHelper  : HHH000204: Processing PersistenceUnitInfo [name: default]
2026-05-11T01:35:35.563+03:00  INFO 2024 --- [exequt-cart-checkout] [           main] org.hibernate.Version                    : HHH000412: Hibernate ORM core version 6.4.10.Final
2026-05-11T01:35:35.624+03:00  INFO 2024 --- [exequt-cart-checkout] [           main] o.h.c.internal.RegionFactoryInitiator    : HHH000026: Second-level cache disabled
2026-05-11T01:35:36.135+03:00  INFO 2024 --- [exequt-cart-checkout] [           main] o.s.o.j.p.SpringPersistenceUnitInfo      : No LoadTimeWeaver setup: ignoring JPA class transformer
2026-05-11T01:35:36.224+03:00  WARN 2024 --- [exequt-cart-checkout] [           main] org.hibernate.orm.deprecation            : HHH90000025: H2Dialect does not need to be specified explicitly using 'hibernate.dialect' (remove the property setting and it will be selected by default)
2026-05-11T01:35:37.629+03:00  INFO 2024 --- [exequt-cart-checkout] [           main] o.h.e.t.j.p.i.JtaPlatformInitiator       : HHH000489: No JTA platform available (set 'hibernate.transaction.jta.platform' to enable JTA platform integration)
2026-05-11T01:35:37.631+03:00  INFO 2024 --- [exequt-cart-checkout] [           main] j.LocalContainerEntityManagerFactoryBean : Initialized JPA EntityManagerFactory for persistence unit 'default'
2026-05-11T01:35:38.096+03:00  INFO 2024 --- [exequt-cart-checkout] [           main] o.s.d.j.r.query.QueryEnhancerFactory     : Hibernate is in classpath; If applicable, HQL parser will be used.
2026-05-11T01:35:39.614+03:00  INFO 2024 --- [exequt-cart-checkout] [           main] o.s.b.a.h2.H2ConsoleAutoConfiguration    : H2 console available at '/h2-console'. Database available at 'jdbc:h2:mem:exequt'
2026-05-11T01:35:39.702+03:00  INFO 2024 --- [exequt-cart-checkout] [           main] com.exequt.ExeQutApplicationTests        : Started ExeQutApplicationTests in 6.876 seconds (process running for 8.224)
]]></system-out>
  </testcase>
</testsuite>